[13Jun2024 17:39:17.700] [main/DEBUG] [ai.djl.repository.zoo.DefaultModelZoo/]: Scanning models in repo: class ai.djl.repository.SimpleRepository, file:/C:/Users/Dreamcore/OneDrive/Desktop/YoloV8/runs/detect/train/weights/best.torchscript
[13Jun2024 17:39:17.742] [main/DEBUG] [ai.djl.repository.zoo.ModelZoo/]: Loading model with Criteria:
	Application: UNDEFINED
	Input: interface ai.djl.modality.cv.Image
	Output: class ai.djl.modality.cv.output.DetectedObjects
	ModelZoo: ai.djl.localmodelzoo
	Arguments: {"synset":"birch,oak","toTensor":true,"width":640,"resize":true,"applyRatio":true,"maxBox":1000,"threshold":0.7,"height":640}

[13Jun2024 17:39:17.742] [main/DEBUG] [ai.djl.repository.zoo.ModelZoo/]: Searching model in specified model zoo: ai.djl.localmodelzoo
[13Jun2024 17:39:17.745] [main/DEBUG] [ai.djl.engine.Engine/]: Registering EngineProvider: PyTorch
[13Jun2024 17:39:17.746] [main/DEBUG] [ai.djl.engine.Engine/]: Found default engine: PyTorch
[13Jun2024 17:39:17.790] [main/WARN] [ai.djl.repository.SimpleRepository/]: Simple repository pointing to a non-archive file.
[13Jun2024 17:39:17.791] [main/DEBUG] [ai.djl.repository.zoo.ModelZoo/]: Checking ModelLoader: ai.djl.localmodelzoo:best.torchscript UNDEFINED [
	ai.djl.localmodelzoo/best.torchscript/best.torchscript {}
]
[13Jun2024 17:39:17.795] [main/DEBUG] [ai.djl.repository.MRL/]: Preparing artifact: file:/C:/Users/Dreamcore/OneDrive/Desktop/YoloV8/runs/detect/train/weights/best.torchscript, ai.djl.localmodelzoo/best.torchscript/best.torchscript {}
[13Jun2024 17:39:17.795] [main/DEBUG] [ai.djl.repository.SimpleRepository/]: Skip prepare for local repository.
[13Jun2024 17:39:17.818] [main/DEBUG] [ai.djl.util.cuda.CudaUtils/]: Found cudart: C:\Program Files (x86)\NVIDIA Corporation\PhysX\Common\cudart64_65.dll
[13Jun2024 17:39:17.925] [main/WARN] [ai.djl.pytorch.jni.LibUtils/]: No matching cuda flavor for win-x86_64 found: cu065.
[13Jun2024 17:39:17.933] [main/DEBUG] [ai.djl.pytorch.jni.LibUtils/]: Loading native library: C:\Users\Dreamcore\.djl.ai\pytorch\2.1.1-cpu-win-x86_64\asmjit.dll
[13Jun2024 17:39:17.934] [main/DEBUG] [ai.djl.pytorch.jni.LibUtils/]: Loading native library: C:\Users\Dreamcore\.djl.ai\pytorch\2.1.1-cpu-win-x86_64\c10.dll
[13Jun2024 17:39:17.936] [main/DEBUG] [ai.djl.pytorch.jni.LibUtils/]: Loading native library: C:\Users\Dreamcore\.djl.ai\pytorch\2.1.1-cpu-win-x86_64\libiomp5md.dll
[13Jun2024 17:39:17.936] [main/DEBUG] [ai.djl.pytorch.jni.LibUtils/]: Loading native library: C:\Users\Dreamcore\.djl.ai\pytorch\2.1.1-cpu-win-x86_64\libiompstubs5md.dll
[13Jun2024 17:39:17.937] [main/DEBUG] [ai.djl.pytorch.jni.LibUtils/]: Loading native library: C:\Users\Dreamcore\.djl.ai\pytorch\2.1.1-cpu-win-x86_64\uv.dll
[13Jun2024 17:39:17.939] [main/DEBUG] [ai.djl.pytorch.jni.LibUtils/]: Loading native library: C:\Users\Dreamcore\.djl.ai\pytorch\2.1.1-cpu-win-x86_64\fbgemm.dll
[13Jun2024 17:39:17.940] [main/DEBUG] [ai.djl.pytorch.jni.LibUtils/]: Loading native library: C:\Users\Dreamcore\.djl.ai\pytorch\2.1.1-cpu-win-x86_64\torch_cpu.dll
[13Jun2024 17:39:18.205] [main/DEBUG] [ai.djl.pytorch.jni.LibUtils/]: Loading native library: C:\Users\Dreamcore\.djl.ai\pytorch\2.1.1-cpu-win-x86_64\torch.dll
[13Jun2024 17:39:18.206] [main/DEBUG] [ai.djl.pytorch.jni.LibUtils/]: Loading native library: C:\Users\Dreamcore\.djl.ai\pytorch\2.1.1-cpu-win-x86_64\0.27.0-djl_torch.dll
[13Jun2024 17:39:18.210] [main/INFO] [ai.djl.pytorch.engine.PtEngine/]: PyTorch graph executor optimizer is enabled, this may impact your inference latency and throughput. See: https://docs.djl.ai/docs/development/inference_performance_optimization.html#graph-executor-optimization
[13Jun2024 17:39:18.211] [main/INFO] [ai.djl.pytorch.engine.PtEngine/]: Number of inter-op threads is 6
[13Jun2024 17:39:18.211] [main/INFO] [ai.djl.pytorch.engine.PtEngine/]: Number of intra-op threads is 6
[13Jun2024 17:39:18.221] [main/TRACE] [ai.djl.util.ClassLoaderUtils/]: Directory not exists: C:\Users\Dreamcore\OneDrive\Desktop\YoloV8\runs\detect\train\weights\classes
[13Jun2024 17:39:18.221] [main/DEBUG] [ai.djl.pytorch.jni.JniUtils/]: mapLocation: false
[13Jun2024 17:39:18.221] [main/DEBUG] [ai.djl.pytorch.jni.JniUtils/]: extraFileKeys: []
[13Jun2024 17:39:18.379] [main/TRACE] [ai.djl.modality.cv.ImageFactory/]: 
java.lang.ClassNotFoundException: ai.djl.opencv.OpenCVImageFactory
	at jdk.internal.loader.BuiltinClassLoader.loadClass(BuiltinClassLoader.java:641) ~[?:?]
	at jdk.internal.loader.ClassLoaders$AppClassLoader.loadClass(ClassLoaders.java:188) ~[?:?]
	at java.lang.ClassLoader.loadClass(ClassLoader.java:520) ~[?:?]
	at java.lang.Class.forName0(Native Method) ~[?:?]
	at java.lang.Class.forName(Class.java:375) ~[?:?]
	at ai.djl.modality.cv.ImageFactory.newInstance(ImageFactory.java:51) ~[api-0.27.0.jar:?]
	at ai.djl.modality.cv.ImageFactory.<clinit>(ImageFactory.java:41) ~[api-0.27.0.jar:?]
	at com.DJL.testingDJL.main(testingDJL.java:76) ~[main/:?]
[13Jun2024 17:39:18.522] [main/TRACE] [ai.djl.inference.Predictor/]: Predictor input data: [ND: (1, 3, 640, 640) cpu() float32
[ Exceed max print size ]]
